TN:
SF:script/DeployRaffle.s.sol
FN:11,DeployRaffle.run
FNDA:17,DeployRaffle.run
DA:12,17
DA:12,17
DA:12,17
DA:13,17
DA:13,17
DA:22,17
DA:22,17
DA:24,17
DA:24,17
BRDA:24,0,0,-
BRDA:24,0,1,17
DA:25,17
DA:25,17
DA:25,17
DA:26,17
DA:26,17
DA:31,17
DA:31,17
DA:31,17
DA:32,17
DA:32,17
DA:40,17
DA:40,17
DA:41,17
DA:41,17
DA:41,17
DA:49,17
DA:49,17
DA:51,17
DA:51,17
DA:51,17
DA:52,17
DA:52,17
DA:59,17
DA:59,17
FNF:1
FNH:1
LF:14
LH:14
BRF:2
BRH:1
end_of_record
TN:
SF:script/HelperConfig.s.sol
FN:33,HelperConfig.getSepoliaEthConfig
FNDA:0,HelperConfig.getSepoliaEthConfig
DA:34,0
DA:34,0
DA:35,0
DA:35,0
FN:47,HelperConfig.getOrCreateAnvilEthConfig
FNDA:0,HelperConfig.getOrCreateAnvilEthConfig
DA:48,0
DA:48,0
DA:48,0
BRDA:48,0,0,-
BRDA:48,0,1,-
DA:49,0
DA:49,0
DA:52,0
DA:52,0
DA:53,0
DA:53,0
DA:55,0
DA:55,0
DA:56,0
DA:56,0
DA:56,0
DA:60,0
DA:60,0
DA:62,0
DA:62,0
DA:63,0
DA:63,0
FNF:2
FNH:0
LF:11
LH:0
BRF:2
BRH:0
end_of_record
TN:
SF:script/Interactions.s.sol
FN:42,FundSubscription.fundSubscriptionUsingConfig
FNDA:0,FundSubscription.fundSubscriptionUsingConfig
DA:43,0
DA:43,0
DA:43,0
DA:44,0
DA:44,0
DA:53,0
DA:53,0
DA:54,0
DA:54,0
FN:57,FundSubscription.fundSubscription
FNDA:17,FundSubscription.fundSubscription
DA:63,17
DA:63,17
DA:64,17
DA:64,17
DA:65,17
DA:65,17
DA:67,17
DA:67,17
BRDA:67,0,0,-
BRDA:67,0,1,17
DA:68,17
DA:68,17
DA:69,17
DA:69,17
DA:73,17
DA:73,17
DA:75,0
DA:75,0
DA:76,0
DA:76,0
DA:81,0
DA:81,0
DA:83,17
DA:83,17
FN:86,FundSubscription.run
FNDA:0,FundSubscription.run
DA:87,0
DA:87,0
FN:13,CreateSubscription.createSubscriptionUsingConfig
FNDA:0,CreateSubscription.createSubscriptionUsingConfig
DA:14,0
DA:14,0
DA:14,0
DA:15,0
DA:15,0
DA:15,0
DA:17,0
DA:17,0
DA:17,0
FN:20,CreateSubscription.createSubscription
FNDA:17,CreateSubscription.createSubscription
DA:24,17
DA:24,17
DA:25,17
DA:25,17
DA:26,17
DA:26,17
DA:26,17
DA:28,17
DA:28,17
DA:29,17
DA:29,17
DA:30,17
DA:30,17
DA:31,17
DA:31,17
FN:34,CreateSubscription.run
FNDA:0,CreateSubscription.run
DA:35,0
DA:35,0
DA:35,0
FN:92,AddConsumer.addConsumer
FNDA:17,AddConsumer.addConsumer
DA:98,17
DA:98,17
DA:99,17
DA:99,17
DA:100,17
DA:100,17
DA:101,17
DA:101,17
DA:102,17
DA:102,17
DA:103,17
DA:103,17
DA:104,17
DA:104,17
FN:107,AddConsumer.addConsumerUsingConfig
FNDA:0,AddConsumer.addConsumerUsingConfig
DA:108,0
DA:108,0
DA:108,0
DA:109,0
DA:109,0
DA:118,0
DA:118,0
DA:119,0
DA:119,0
FN:122,AddConsumer.run
FNDA:0,AddConsumer.run
DA:123,0
DA:123,0
DA:123,0
DA:127,0
DA:127,0
FNF:9
FNH:3
LF:40
LH:22
BRF:2
BRH:1
end_of_record
TN:
SF:src/Raffle.sol
FN:73,Raffle.enterRaffle
FNDA:274,Raffle.enterRaffle
DA:74,274
DA:74,274
BRDA:74,0,0,1
BRDA:74,0,1,273
DA:75,1
DA:75,1
DA:77,273
DA:77,273
BRDA:77,1,0,1
BRDA:77,1,1,272
DA:78,1
DA:78,1
DA:80,272
DA:80,272
DA:82,272
DA:82,272
FN:94,Raffle.checkUpkeep
FNDA:5,Raffle.checkUpkeep
DA:97,11
DA:97,11
DA:97,11
DA:98,11
DA:98,11
DA:98,11
DA:99,11
DA:99,11
DA:99,11
DA:100,11
DA:100,11
DA:100,11
DA:101,11
DA:101,11
DA:102,11
DA:102,11
FN:108,Raffle.performUpkeep
FNDA:6,Raffle.performUpkeep
DA:109,6
DA:109,6
DA:109,6
DA:110,6
DA:110,6
BRDA:110,2,0,1
BRDA:110,2,1,5
DA:112,1
DA:112,1
DA:119,5
DA:119,5
DA:121,5
DA:121,5
DA:121,5
DA:128,5
DA:128,5
FN:132,Raffle.fulfillRandomWords
FNDA:1,Raffle.fulfillRandomWords
DA:139,1
DA:139,1
DA:139,1
DA:140,1
DA:140,1
DA:141,1
DA:141,1
DA:142,1
DA:142,1
DA:143,1
DA:143,1
DA:144,1
DA:144,1
DA:145,1
DA:145,1
DA:148,1
DA:148,1
DA:148,1
DA:149,1
DA:149,1
BRDA:149,3,0,-
BRDA:149,3,1,1
DA:150,0
DA:150,0
FN:155,Raffle.getEntranceFee
FNDA:1,Raffle.getEntranceFee
DA:156,1
DA:156,1
FN:159,Raffle.getRaffleState
FNDA:3,Raffle.getRaffleState
DA:160,3
DA:160,3
FN:163,Raffle.getPlayer
FNDA:2,Raffle.getPlayer
DA:164,2
DA:164,2
FN:167,Raffle.getRecentWinner
FNDA:3,Raffle.getRecentWinner
DA:168,3
DA:168,3
FN:171,Raffle.getNumPlayers
FNDA:1,Raffle.getNumPlayers
DA:172,1
DA:172,1
FN:175,Raffle.getLastTimestamp
FNDA:2,Raffle.getLastTimestamp
DA:176,2
DA:176,2
FNF:10
FNH:10
LF:34
LH:33
BRF:8
BRH:7
end_of_record
TN:
SF:test/mocks/LinkToken.sol
FN:37,LinkToken.transferAndCall
FNDA:0,LinkToken.transferAndCall
DA:42,0
DA:42,0
DA:44,0
DA:44,0
DA:45,0
DA:45,0
BRDA:45,0,0,-
BRDA:45,0,1,-
DA:46,0
DA:46,0
DA:48,0
DA:48,0
FN:53,LinkToken.contractFallback
FNDA:0,LinkToken.contractFallback
DA:58,0
DA:58,0
DA:58,0
DA:59,0
DA:59,0
FN:62,LinkToken.isContract
FNDA:0,LinkToken.isContract
DA:63,0
DA:63,0
DA:65,0
DA:65,0
DA:67,0
DA:67,0
DA:67,0
FNF:3
FNH:0
LF:10
LH:0
BRF:2
BRH:0
end_of_record
